<?xml version="1.0" encoding="UTF-8"?>
<!-- Generated by org.testng.reporters.JUnitReportReporter -->
<testsuite hostname="P3ALAP-128FVLS" failures="0" tests="1" name="com.inetbanking.testCases.TC_LoginTest_001" time="10.119" errors="0" timestamp="06 Jul 2022 06:34:44 GMT" skipped="0">
  <testcase classname="com.inetbanking.testCases.TC_LoginTest_001" name="loginTest" time="10.119"/>
</testsuite> <!-- com.inetbanking.testCases.TC_LoginTest_001 -->
